<?xml version="1.0" encoding="UTF-8"?>
<!-- Generated by org.testng.reporters.JUnitReportReporter -->
<testsuite hostname="DESKTOP-BCCH4T4" failures="0" tests="1" name="Test1" time="0.032" errors="0" timestamp="2023-04-18T11:56:48 IST" skipped="0">
  <testcase classname="Test1" name="stramColllect" time="0.032"/>
  <system-out/>
</testsuite> <!-- Test1 -->
