<?xml version="1.0" encoding="UTF-8"?>
<!-- Generated by org.testng.reporters.JUnitReportReporter -->
<testsuite hostname="DESKTOP-BCCH4T4" failures="0" tests="1" name="Test1" time="0.038" errors="0" timestamp="2023-04-17T18:59:54 IST" skipped="0">
  <testcase classname="Test1" name="stringMap" time="0.038"/>
  <system-out/>
</testsuite> <!-- Test1 -->
